[    0.000000] Initializing cgroup subsys cpuset
[    0.000000] Initializing cgroup subsys cpu
[    0.000000] Initializing cgroup subsys cpuacct
[    0.000000] Linux version 4.4.0-157-generic (buildd@lgw01-amd64-037) (gcc version 5.4.0 20160609 (Ubuntu 5.4.0-6ubuntu1~16.04.10) ) #185-Ubuntu SMP Tue Jul 23 09:17:01 UTC 2019 (Ubuntu 4.4.0-157.185-generic 4.4.181)
[    0.000000] Command line: BOOT_IMAGE=/boot/vmlinuz-4.4.0-157-generic root=LABEL=cloudimg-rootfs ro console=tty1 console=ttyS0
[    0.000000] KERNEL supported cpus:
[    0.000000]   Intel GenuineIntel
[    0.000000]   AMD AuthenticAMD
[    0.000000]   Centaur CentaurHauls
[    0.000000] x86/fpu: xstate_offset[2]:  576, xstate_sizes[2]:  256
[    0.000000] x86/fpu: Supporting XSAVE feature 0x01: 'x87 floating point registers'
[    0.000000] x86/fpu: Supporting XSAVE feature 0x02: 'SSE registers'
[    0.000000] x86/fpu: Supporting XSAVE feature 0x04: 'AVX registers'
[    0.000000] x86/fpu: Enabled xstate features 0x7, context size is 832 bytes, using 'standard' format.
[    0.000000] e820: BIOS-provided physical RAM map:
[    0.000000] BIOS-e820: [mem 0x0000000000000000-0x000000000009fbff] usable
[    0.000000] BIOS-e820: [mem 0x000000000009fc00-0x000000000009ffff] reserved
[    0.000000] BIOS-e820: [mem 0x00000000000f0000-0x00000000000fffff] reserved
[    0.000000] BIOS-e820: [mem 0x0000000000100000-0x000000003ffeffff] usable
[    0.000000] BIOS-e820: [mem 0x000000003fff0000-0x000000003fffffff] ACPI data
[    0.000000] BIOS-e820: [mem 0x00000000fec00000-0x00000000fec00fff] reserved
[    0.000000] BIOS-e820: [mem 0x00000000fee00000-0x00000000fee00fff] reserved
[    0.000000] BIOS-e820: [mem 0x00000000fffc0000-0x00000000ffffffff] reserved
[    0.000000] NX (Execute Disable) protection: active
[    0.000000] SMBIOS 2.5 present.
[    0.000000] Hypervisor detected: KVM
[    0.000000] e820: last_pfn = 0x3fff0 max_arch_pfn = 0x400000000
[    0.000000] MTRR: Disabled
[    0.000000] x86/PAT: MTRRs disabled, skipping PAT initialization too.
[    0.000000] CPU MTRRs all blank - virtualized system.
[    0.000000] x86/PAT: Configuration [0-7]: WB  WT  UC- UC  WB  WT  UC- UC  
[    0.000000] found SMP MP-table at [mem 0x0009fff0-0x0009ffff] mapped at [ffff88000009fff0]
[    0.000000] Scanning 1 areas for low memory corruption
[    0.000000] RAMDISK: [mem 0x362fc000-0x37175fff]
[    0.000000] ACPI: Early table checksum verification disabled
[    0.000000] ACPI: RSDP 0x00000000000E0000 000024 (v02 VBOX  )
[    0.000000] ACPI: XSDT 0x000000003FFF0030 00003C (v01 VBOX   VBOXXSDT 00000001 ASL  00000061)
[    0.000000] ACPI: FACP 0x000000003FFF00F0 0000F4 (v04 VBOX   VBOXFACP 00000001 ASL  00000061)
[    0.000000] ACPI: DSDT 0x000000003FFF0470 0022EA (v02 VBOX   VBOXBIOS 00000002 INTL 20100528)
[    0.000000] ACPI: FACS 0x000000003FFF0200 000040
[    0.000000] ACPI: FACS 0x000000003FFF0200 000040
[    0.000000] ACPI: APIC 0x000000003FFF0240 00005C (v02 VBOX   VBOXAPIC 00000001 ASL  00000061)
[    0.000000] ACPI: SSDT 0x000000003FFF02A0 0001CC (v01 VBOX   VBOXCPUT 00000002 INTL 20100528)
[    0.000000] No NUMA configuration found
[    0.000000] Faking a node at [mem 0x0000000000000000-0x000000003ffeffff]
[    0.000000] NODE_DATA(0) allocated [mem 0x3ffeb000-0x3ffeffff]
[    0.000000] kvm-clock: Using msrs 4b564d01 and 4b564d00
[    0.000000] kvm-clock: cpu 0, msr 0:3ffe3001, primary cpu clock
[    0.000000] kvm-clock: using sched offset of 3978035293 cycles
[    0.000000] clocksource: kvm-clock: mask: 0xffffffffffffffff max_cycles: 0x1cd42e4dffb, max_idle_ns: 881590591483 ns
[    0.000000] Zone ranges:
[    0.000000]   DMA      [mem 0x0000000000001000-0x0000000000ffffff]
[    0.000000]   DMA32    [mem 0x0000000001000000-0x000000003ffeffff]
[    0.000000]   Normal   empty
[    0.000000]   Device   empty
[    0.000000] Movable zone start for each node
[    0.000000] Early memory node ranges
[    0.000000]   node   0: [mem 0x0000000000001000-0x000000000009efff]
[    0.000000]   node   0: [mem 0x0000000000100000-0x000000003ffeffff]
[    0.000000] Initmem setup node 0 [mem 0x0000000000001000-0x000000003ffeffff]
[    0.000000] ACPI: PM-Timer IO Port: 0x4008
[    0.000000] IOAPIC[0]: apic_id 2, version 32, address 0xfec00000, GSI 0-23
[    0.000000] ACPI: INT_SRC_OVR (bus 0 bus_irq 0 global_irq 2 dfl dfl)
[    0.000000] ACPI: INT_SRC_OVR (bus 0 bus_irq 9 global_irq 9 low level)
[    0.000000] Using ACPI (MADT) for SMP configuration information
[    0.000000] smpboot: Allowing 2 CPUs, 0 hotplug CPUs
[    0.000000] PM: Registered nosave memory: [mem 0x00000000-0x00000fff]
[    0.000000] PM: Registered nosave memory: [mem 0x0009f000-0x0009ffff]
[    0.000000] PM: Registered nosave memory: [mem 0x000a0000-0x000effff]
[    0.000000] PM: Registered nosave memory: [mem 0x000f0000-0x000fffff]
[    0.000000] e820: [mem 0x40000000-0xfebfffff] available for PCI devices
[    0.000000] Booting paravirtualized kernel on KVM
[    0.000000] clocksource: refined-jiffies: mask: 0xffffffff max_cycles: 0xffffffff, max_idle_ns: 7645519600211568 ns
[    0.000000] setup_percpu: NR_CPUS:512 nr_cpumask_bits:512 nr_cpu_ids:2 nr_node_ids:1
[    0.000000] PERCPU: Embedded 34 pages/cpu @ffff88003fc00000 s99544 r8192 d31528 u1048576
[    0.000000] Built 1 zonelists in Node order, mobility grouping on.  Total pages: 257912
[    0.000000] Policy zone: DMA32
[    0.000000] Kernel command line: BOOT_IMAGE=/boot/vmlinuz-4.4.0-157-generic root=LABEL=cloudimg-rootfs ro console=tty1 console=ttyS0
[    0.000000] PID hash table entries: 4096 (order: 3, 32768 bytes)
[    0.000000] Memory: 997736K/1048120K available (8618K kernel code, 1335K rwdata, 4032K rodata, 1484K init, 1284K bss, 50384K reserved, 0K cma-reserved)
[    0.000000] SLUB: HWalign=64, Order=0-3, MinObjects=0, CPUs=2, Nodes=1
[    0.000000] Kernel/User page tables isolation: enabled
[    0.000000] Hierarchical RCU implementation.
[    0.000000] 	Build-time adjustment of leaf fanout to 64.
[    0.000000] 	RCU restricting CPUs from NR_CPUS=512 to nr_cpu_ids=2.
[    0.000000] RCU: Adjusting geometry for rcu_fanout_leaf=64, nr_cpu_ids=2
[    0.000000] NR_IRQS:33024 nr_irqs:440 16
[    0.000000] Console: colour VGA+ 80x25
[    0.000000] console [tty1] enabled
[    0.000000] console [ttyS0] enabled
[    0.000000] tsc: Detected 2712.000 MHz processor
[    0.237015] Calibrating delay loop (skipped) preset value.. 5424.00 BogoMIPS (lpj=10848000)
[    0.240218] pid_max: default: 32768 minimum: 301
[    0.241776] ACPI: Core revision 20150930
[    0.245615] ACPI: 2 ACPI AML tables successfully acquired and loaded
[    0.248041] Security Framework initialized
[    0.249460] Yama: becoming mindful.
[    0.250882] AppArmor: AppArmor initialized
[    0.252562] Dentry cache hash table entries: 131072 (order: 8, 1048576 bytes)
[    0.258310] Inode-cache hash table entries: 65536 (order: 7, 524288 bytes)
[    0.260776] Mount-cache hash table entries: 2048 (order: 2, 16384 bytes)
[    0.263038] Mountpoint-cache hash table entries: 2048 (order: 2, 16384 bytes)
[    0.265657] Initializing cgroup subsys io
[    0.267151] Initializing cgroup subsys memory
[    0.268832] Initializing cgroup subsys devices
[    0.270779] Initializing cgroup subsys freezer
[    0.272180] Initializing cgroup subsys net_cls
[    0.273348] Initializing cgroup subsys perf_event
[    0.274723] Initializing cgroup subsys net_prio
[    0.275953] Initializing cgroup subsys hugetlb
[    0.277227] Initializing cgroup subsys pids
[    0.279815] mce: CPU supports 0 MCE banks
[    0.280912] Last level iTLB entries: 4KB 64, 2MB 8, 4MB 8
[    0.282229] Last level dTLB entries: 4KB 64, 2MB 0, 4MB 0, 1GB 4
[    0.283651] Spectre V2 : Mitigation: Full generic retpoline
[    0.285092] Spectre V2 : Spectre v2 / SpectreRSB mitigation: Filling RSB on context switch
[    0.287226] Speculative Store Bypass: Vulnerable
[    0.288732] MDS: Vulnerable: Clear CPU buffers attempted, no microcode
[    0.296164] Freeing SMP alternatives memory: 36K
[    0.308062] ftrace: allocating 32312 entries in 127 pages
[    0.408684] smpboot: APIC(0) Converting physical 0 to logical package 0
[    0.411715] smpboot: Max logical packages: 1
[    0.416827] x2apic enabled
[    0.418300] Switched APIC routing to physical x2apic.
[    0.425147] ..TIMER: vector=0x30 apic1=0 pin1=2 apic2=-1 pin2=-1
[    0.532516] smpboot: CPU0: Intel(R) Core(TM) i5-7200U CPU @ 2.50GHz (family: 0x6, model: 0x8e, stepping: 0x9)
[    0.536380] Performance Events: unsupported p6 CPU model 142 no PMU driver, software events only.
[    0.554383] KVM setup paravirtual spinlock
[    0.556806] x86: Booting SMP configuration:
[    0.558248] .... node  #0, CPUs:      #1
[    0.559678] kvm-clock: cpu 1, msr 0:3ffe3041, secondary cpu clock
[    0.563060] mce: CPU supports 0 MCE banks
[    0.566135] x86: Booted up 1 node, 2 CPUs
[    0.568509] smpboot: Total of 2 processors activated (10848.00 BogoMIPS)
[    0.571370] devtmpfs: initialized
[    0.574826] evm: security.selinux
[    0.576214] evm: security.SMACK64
[    0.577303] evm: security.SMACK64EXEC
[    0.578434] evm: security.SMACK64TRANSMUTE
[    0.579754] evm: security.SMACK64MMAP
[    0.581021] evm: security.ima
[    0.582265] evm: security.capability
[    0.583624] clocksource: jiffies: mask: 0xffffffff max_cycles: 0xffffffff, max_idle_ns: 7645041785100000 ns
[    0.586959] futex hash table entries: 512 (order: 3, 32768 bytes)
[    0.589343] pinctrl core: initialized pinctrl subsystem
[    0.591468] RTC time: 14:08:24, date: 07/30/19
[    0.593234] NET: Registered protocol family 16
[    0.605686] cpuidle: using governor ladder
[    0.617582] cpuidle: using governor menu
[    0.618685] PCCT header not found.
[    0.619721] ACPI: bus type PCI registered
[    0.620931] acpiphp: ACPI Hot Plug PCI Controller Driver version: 0.5
[    0.622571] PCI: Using configuration type 1 for base access
[    0.638579] ACPI: Added _OSI(Module Device)
[    0.640016] ACPI: Added _OSI(Processor Device)
[    0.641469] ACPI: Added _OSI(3.0 _SCP Extensions)
[    0.642954] ACPI: Added _OSI(Processor Aggregator Device)
[    0.645319] ACPI: Executed 1 blocks of module-level executable AML code
[    0.649669] ACPI: Interpreter enabled
[    0.650719] ACPI: (supports S0 S5)
[    0.651955] ACPI: Using IOAPIC for interrupt routing
[    0.653422] PCI: Using host bridge windows from ACPI; if necessary, use "pci=nocrs" and report a bug
[    0.660022] ACPI: PCI Root Bridge [PCI0] (domain 0000 [bus 00-ff])
[    0.661487] acpi PNP0A03:00: _OSC: OS supports [ASPM ClockPM Segments MSI]
[    0.663587] acpi PNP0A03:00: _OSC: not requesting OS control; OS requires [ExtendedConfig ASPM ClockPM MSI]
[    0.666042] acpi PNP0A03:00: fail to add MMCONFIG information, can't access extended PCI configuration space under this bridge.
[    0.669106] PCI host bridge to bus 0000:00
[    0.670202] pci_bus 0000:00: root bus resource [io  0x0000-0x0cf7 window]
[    0.671895] pci_bus 0000:00: root bus resource [io  0x0d00-0xffff window]
[    0.673459] pci_bus 0000:00: root bus resource [mem 0x000a0000-0x000bffff window]
[    0.675462] pci_bus 0000:00: root bus resource [mem 0x40000000-0xfdffffff window]
[    0.677499] pci_bus 0000:00: root bus resource [bus 00-ff]
[    0.680995] pci 0000:00:01.1: legacy IDE quirk: reg 0x10: [io  0x01f0-0x01f7]
[    0.682627] pci 0000:00:01.1: legacy IDE quirk: reg 0x14: [io  0x03f6]
[    0.684159] pci 0000:00:01.1: legacy IDE quirk: reg 0x18: [io  0x0170-0x0177]
[    0.685763] pci 0000:00:01.1: legacy IDE quirk: reg 0x1c: [io  0x0376]
[    0.708906] pci 0000:00:07.0: quirk: [io  0x4000-0x403f] claimed by PIIX4 ACPI
[    0.725699] pci 0000:00:07.0: quirk: [io  0x4100-0x410f] claimed by PIIX4 SMB
[    0.740651] ACPI: PCI Interrupt Link [LNKA] (IRQs 5 9 10 *11)
[    0.743026] ACPI: PCI Interrupt Link [LNKB] (IRQs 5 9 *10 11)
[    0.745201] ACPI: PCI Interrupt Link [LNKC] (IRQs 5 *9 10 11)
[    0.747321] ACPI: PCI Interrupt Link [LNKD] (IRQs 5 9 10 *11)
[    0.749415] ACPI: Enabled 2 GPEs in block 00 to 07
[    0.751259] vgaarb: setting as boot device: PCI:0000:00:02.0
[    0.752774] vgaarb: device added: PCI:0000:00:02.0,decodes=io+mem,owns=io+mem,locks=none
[    0.755043] vgaarb: loaded
[    0.755931] vgaarb: bridge control possible 0000:00:02.0
[    0.757554] SCSI subsystem initialized
[    0.758845] ACPI: bus type USB registered
[    0.759990] usbcore: registered new interface driver usbfs
[    0.761408] usbcore: registered new interface driver hub
[    0.762877] usbcore: registered new device driver usb
[    0.764524] PCI: Using ACPI for IRQ routing
[    0.766544] NetLabel: Initializing
[    0.767609] NetLabel:  domain hash size = 128
[    0.769052] NetLabel:  protocols = UNLABELED CIPSOv4
[    0.773545] NetLabel:  unlabeled traffic allowed by default
[    0.775274] amd_nb: Cannot enumerate AMD northbridges
[    0.776664] clocksource: Switched to clocksource kvm-clock
[    0.790288] AppArmor: AppArmor Filesystem Enabled
[    0.791641] pnp: PnP ACPI init
[    0.793551] pnp: PnP ACPI: found 3 devices
[    0.805290] clocksource: acpi_pm: mask: 0xffffff max_cycles: 0xffffff, max_idle_ns: 2085701024 ns
[    0.807608] NET: Registered protocol family 2
[    0.808926] TCP established hash table entries: 8192 (order: 4, 65536 bytes)
[    0.810545] TCP bind hash table entries: 8192 (order: 5, 131072 bytes)
[    0.812056] TCP: Hash tables configured (established 8192 bind 8192)
[    0.813573] UDP hash table entries: 512 (order: 2, 16384 bytes)
[    0.814980] UDP-Lite hash table entries: 512 (order: 2, 16384 bytes)
[    0.816531] NET: Registered protocol family 1
[    0.817699] pci 0000:00:00.0: Limiting direct PCI/PCI transfers
[    0.819193] pci 0000:00:01.0: Activating ISA DMA hang workarounds
[    0.822116] Unpacking initramfs...
[    1.090634] Freeing initrd memory: 14824K
[    1.092001] clocksource: tsc: mask: 0xffffffffffffffff max_cycles: 0x2717868ea45, max_idle_ns: 440795316085 ns
[    1.094636] platform rtc_cmos: registered platform RTC device (no PNP device found)
[    1.096727] Scanning for low memory corruption every 60 seconds
[    1.098614] audit: initializing netlink subsys (disabled)
[    1.100045] audit: type=2000 audit(1564495710.526:1): initialized
[    1.101896] Initialise system trusted keyring
[    1.103738] HugeTLB registered 2 MB page size, pre-allocated 0 pages
[    1.106949] zbud: loaded
[    1.108363] VFS: Disk quotas dquot_6.6.0
[    1.109575] VFS: Dquot-cache hash table entries: 512 (order 0, 4096 bytes)
[    1.111436] squashfs: version 4.0 (2009/01/31) Phillip Lougher
[    1.113266] fuse init (API version 7.23)
[    1.114588] Key type big_key registered
[    1.115749] Allocating IMA MOK and blacklist keyrings.
[    1.120183] Key type asymmetric registered
[    1.121465] Asymmetric key parser 'x509' registered
[    1.122838] Block layer SCSI generic (bsg) driver version 0.4 loaded (major 249)
[    1.125083] io scheduler noop registered
[    1.126251] io scheduler deadline registered (default)
[    1.127643] io scheduler cfq registered
[    1.128897] pci_hotplug: PCI Hot Plug PCI Core version: 0.5
[    1.130338] pciehp: PCI Express Hot Plug Controller Driver version: 0.4
[    1.132141] ACPI: AC Adapter [AC] (on-line)
[    1.133468] input: Power Button as /devices/LNXSYSTM:00/LNXPWRBN:00/input/input0
[    1.136012] ACPI: Power Button [PWRF]
[    1.137939] input: Sleep Button as /devices/LNXSYSTM:00/LNXSLPBN:00/input/input1
[    1.140439] ACPI: Sleep Button [SLPF]
[    1.142000] GHES: HEST is not enabled!
[    1.143824] ACPI: Battery Slot [BAT0] (battery present)
[    1.145168] Serial: 8250/16550 driver, 32 ports, IRQ sharing enabled
[    1.168387] 00:02: ttyS0 at I/O 0x3f8 (irq = 4, base_baud = 115200) is a 16550A
[    1.171737] Linux agpgart interface v0.103
[    1.175176] loop: module loaded
[    1.176955] scsi host0: ata_piix
[    1.178233] scsi host1: ata_piix
[    1.179401] ata1: PATA max UDMA/33 cmd 0x1f0 ctl 0x3f6 bmdma 0xd000 irq 14
[    1.181687] ata2: PATA max UDMA/33 cmd 0x170 ctl 0x376 bmdma 0xd008 irq 15
[    1.184409] libphy: Fixed MDIO Bus: probed
[    1.186382] tun: Universal TUN/TAP device driver, 1.6
[    1.188604] tun: (C) 1999-2004 Max Krasnyansky <maxk@qualcomm.com>
[    1.190854] PPP generic driver version 2.4.2
[    1.192596] ehci_hcd: USB 2.0 'Enhanced' Host Controller (EHCI) Driver
[    1.194900] ehci-pci: EHCI PCI platform driver
[    1.196893] ehci-platform: EHCI generic platform driver
[    1.198745] ohci_hcd: USB 1.1 'Open' Host Controller (OHCI) Driver
[    1.201268] ohci-pci: OHCI PCI platform driver
[    1.202950] ohci-platform: OHCI generic platform driver
[    1.204923] uhci_hcd: USB Universal Host Controller Interface driver
[    1.207154] i8042: PNP: PS/2 Controller [PNP0303:PS2K,PNP0f03:PS2M] at 0x60,0x64 irq 1,12
[    1.211147] serio: i8042 KBD port at 0x60,0x64 irq 1
[    1.212893] serio: i8042 AUX port at 0x60,0x64 irq 12
[    1.214893] mousedev: PS/2 mouse device common for all mice
[    1.218099] input: AT Translated Set 2 keyboard as /devices/platform/i8042/serio0/input/input2
[    1.221925] rtc_cmos rtc_cmos: rtc core: registered rtc_cmos as rtc0
[    1.224348] rtc_cmos rtc_cmos: alarms up to one day, 114 bytes nvram
[    1.226830] i2c /dev entries driver
[    1.228489] device-mapper: uevent: version 1.0.3
[    1.230734] device-mapper: ioctl: 4.34.0-ioctl (2015-10-28) initialised: dm-devel@redhat.com
[    1.234479] ledtrig-cpu: registered to indicate activity on CPUs
[    1.237873] NET: Registered protocol family 10
[    1.239964] NET: Registered protocol family 17
[    1.241974] Key type dns_resolver registered
[    1.244482] registered taskstats version 1
[    1.246213] Loading compiled-in X.509 certificates
[    1.249213] Loaded X.509 cert 'Build time autogenerated kernel key: 3e01e6df98386236d59670e6b2ed19a044d5324e'
[    1.253428] zswap: loaded using pool lzo/zbud
[    1.257670] Key type trusted registered
[    1.263501] Key type encrypted registered
[    1.265425] AppArmor: AppArmor sha1 policy hashing enabled
[    1.267327] ima: No TPM chip found, activating TPM-bypass!
[    1.269410] ima: Allocated hash algorithm: sha1
[    1.270682] evm: HMAC attrs: 0x1
[    1.272282]   Magic number: 11:809:132
[    1.273539] rtc_cmos rtc_cmos: setting system clock to 2019-07-30 14:08:25 UTC (1564495705)
[    1.275931] BIOS EDD facility v0.16 2004-Jun-25, 0 devices found
[    1.277453] EDD information not available.
[    1.339800] Freeing unused kernel memory: 1484K
[    1.343378] Write protecting the kernel read-only data: 14336k
[    1.349055] Freeing unused kernel memory: 1612K
[    1.352981] Freeing unused kernel memory: 64K
Loading, please wait...
starting version 229
[    1.390096] random: systemd-udevd: uninitialized urandom read (16 bytes read, 3 bits of entropy available)
[    1.390737] random: udevadm: uninitialized urandom read (16 bytes read, 3 bits of entropy available)
[    1.390764] random: udevadm: uninitialized urandom read (16 bytes read, 3 bits of entropy available)
[    1.406137] random: systemd-udevd: uninitialized urandom read (16 bytes read, 3 bits of entropy available)
[    1.410275] random: systemd-udevd: uninitialized urandom read (16 bytes read, 3 bits of entropy available)
[    1.410662] random: udevadm: uninitialized urandom read (16 bytes read, 3 bits of entropy available)
[    1.410720] random: udevadm: uninitialized urandom read (16 bytes read, 3 bits of entropy available)
[    1.410917] random: udevadm: uninitialized urandom read (16 bytes read, 3 bits of entropy available)
[    1.410989] random: udevadm: uninitialized urandom read (16 bytes read, 3 bits of entropy available)
[    1.411057] random: udevadm: uninitialized urandom read (16 bytes read, 3 bits of entropy available)
[    1.471374] e1000: Intel(R) PRO/1000 Network Driver - version 7.3.21-k8-NAPI
[    1.473061] e1000: Copyright (c) 1999-2006 Intel Corporation.
[    1.477204] Fusion MPT base driver 3.04.20
[    1.478316] Copyright (c) 1999-2008 LSI Corporation
[    1.486451] Fusion MPT SPI Host driver 3.04.20
[    1.508328] AVX2 version of gcm_enc/dec engaged.
[    1.510103] AES CTR mode by8 optimization enabled
[    1.686028] input: ImExPS/2 Generic Explorer Mouse as /devices/platform/i8042/serio1/input/input4
[    1.888059] e1000 0000:00:03.0 eth0: (PCI:33MHz:32-bit) 02:c2:66:bb:16:6d
[    1.889853] e1000 0000:00:03.0 eth0: Intel(R) PRO/1000 Network Connection
[    1.892277] mptbase: ioc0: Initiating bringup
[    2.044662] ioc0: LSI53C1030 A0: Capabilities={Initiator}
[    3.028548] scsi host2: ioc0: LSI53C1030 A0, FwRev=00000000h, Ports=1, MaxQ=256, IRQ=20
[    3.520390] scsi 2:0:0:0: Direct-Access     VBOX     HARDDISK         1.0  PQ: 0 ANSI: 5
[    3.523506] scsi target2:0:0: Beginning Domain Validation
[    3.527875] scsi target2:0:0: Domain Validation skipping write tests
[    3.529928] scsi target2:0:0: Ending Domain Validation
[    3.531861] scsi target2:0:0: asynchronous
[    3.534037] scsi 2:0:1:0: Direct-Access     VBOX     HARDDISK         1.0  PQ: 0 ANSI: 5
[    3.537290] scsi target2:0:1: Beginning Domain Validation
[    3.540625] scsi target2:0:1: Domain Validation skipping write tests
[    3.543003] scsi target2:0:1: Ending Domain Validation
[    3.545030] scsi target2:0:1: asynchronous
[    3.557941] sd 2:0:0:0: Attached scsi generic sg0 type 0
[    3.560524] sd 2:0:1:0: Attached scsi generic sg1 type 0
[    3.563004] sd 2:0:0:0: [sda] 20971520 512-byte logical blocks: (10.7 GB/10.0 GiB)
[    3.583542] sd 2:0:1:0: [sdb] 20480 512-byte logical blocks: (10.5 MB/10.0 MiB)
[    3.586822] sd 2:0:0:0: [sda] Write Protect is off
[    3.588765] sd 2:0:1:0: [sdb] Write Protect is off
[    3.590827] sd 2:0:1:0: [sdb] Incomplete mode parameter data
[    3.592920] sd 2:0:1:0: [sdb] Assuming drive cache: write through
[    3.595199] sd 2:0:0:0: [sda] Incomplete mode parameter data
[    3.597303] sd 2:0:0:0: [sda] Assuming drive cache: write through
[    3.601847]  sda: sda1
[    3.603989] sd 2:0:1:0: [sdb] Attached SCSI disk
[    3.605623] sd 2:0:0:0: [sda] Attached SCSI disk
[    3.933691] e1000 0000:00:08.0 eth1: (PCI:33MHz:32-bit) 08:00:27:e6:cb:93
[    3.935491] e1000 0000:00:08.0 eth1: Intel(R) PRO/1000 Network Connection
[    3.938977] e1000 0000:00:08.0 enp0s8: renamed from eth1
[    3.950017] e1000 0000:00:03.0 enp0s3: renamed from eth0
Begin: Loading essential drivers ... [    5.472666] md: linear personality registered for level -1
[    5.477264] md: multipath personality registered for level -4
[    5.481981] md: raid0 personality registered for level 0
[    5.488299] md: raid1 personality registered for level 1
[    5.561201] raid6: sse2x1   gen()  9604 MB/s
[    5.629524] raid6: sse2x1   xor()  6156 MB/s
[    5.696850] raid6: sse2x2   gen() 12266 MB/s
[    5.765246] raid6: sse2x2   xor()  8328 MB/s
[    5.833488] raid6: sse2x4   gen() 11861 MB/s
[    5.900847] raid6: sse2x4   xor()  9659 MB/s
[    5.969172] raid6: avx2x1   gen() 20599 MB/s
[    6.037451] raid6: avx2x2   gen() 23988 MB/s
[    6.104821] raid6: avx2x4   gen() 20073 MB/s
[    6.106457] raid6: using algorithm avx2x2 gen() 23988 MB/s
[    6.108655] raid6: using avx2x2 recovery algorithm
[    6.111942] xor: automatically using best checksumming function:
[    6.152735]    avx       : 20018.000 MB/sec
[    6.155365] async_tx: api initialized (async)
[    6.166070] md: raid6 personality registered for level 6
[    6.167437] md: raid5 personality registered for level 5
[    6.168740] md: raid4 personality registered for level 4
[    6.177656] md: raid10 personality registered for level 10
done.
Begin: Running /scripts/init-premount ... done.
Begin: Mounting root file system ... Begin: Running /scripts/local-top ... done.
Begin: Running /scripts/local-premount ... [    6.212985] Btrfs loaded
Scanning for Btrfs filesystems
done.
Warning: fsck not present, so skipping root file system
[    6.253560] EXT4-fs (sda1): mounted filesystem with ordered data mode. Opts: (null)
done.
Begin: Running /scripts/local-bottom ... done.
Begin: Running /scripts/init-bottom ... done.
[    6.364851] systemd[1]: systemd 229 running in system mode. (+PAM +AUDIT +SELINUX +IMA +APPARMOR +SMACK +SYSVINIT +UTMP +LIBCRYPTSETUP +GCRYPT +GNUTLS +ACL +XZ -LZ4 +SECCOMP +BLKID +ELFUTILS +KMOD -IDN)
[    6.369123] systemd[1]: Detected virtualization oracle.
[    6.370425] systemd[1]: Detected architecture x86-64.

Welcome to [1mUbuntu 16.04.6 LTS[0m!

[    6.375074] systemd[1]: Set hostname to <ubuntu>.
[    6.378756] systemd[1]: Initializing machine ID from random generator.
[    6.380332] systemd[1]: Installed transient /etc/machine-id file.
[    7.116764] systemd[1]: Reached target User and Group Name Lookups.
[[0;32m  OK  [0m] Reached target User and Group Name Lookups.
[    7.119368] systemd[1]: Listening on udev Kernel Socket.
[[0;32m  OK  [0m] Listening on udev Kernel Socket.
[    7.121702] systemd[1]: Listening on /dev/initctl Compatibility Named Pipe.
[[0;32m  OK  [0m] Listening on /dev/initctl Compatibility Named Pipe.
[    7.129562] systemd[1]: Reached target System Time Synchronized.
[[0;32m  OK  [0m] Reached target System Time Synchronized.
[    7.137260] systemd[1]: Started Forward Password Requests to Wall Directory Watch.
[[0;32m  OK  [0m] Started Forward Password Requests to Wall Directory Watch.
[    7.140990] systemd[1]: Started Trigger resolvconf update for networkd DNS.
[[0;32m  OK  [0m] Started Trigger resolvconf update for networkd DNS.
[    7.143575] systemd[1]: Listening on Journal Socket (/dev/log).
[[0;32m  OK  [0m] Listening on Journal Socket (/dev/log).
[    7.146054] systemd[1]: Listening on LVM2 poll daemon socket.
[[0;32m  OK  [0m] Listening on LVM2 poll daemon socket.
[    7.153525] systemd[1]: Created slice User and Session Slice.
[[0;32m  OK  [0m] Created slice User and Session Slice.
[    7.156882] systemd[1]: Listening on Journal Audit Socket.
[[0;32m  OK  [0m] Listening on Journal Audit Socket.
[    7.160613] systemd[1]: Listening on udev Control Socket.
[[0;32m  OK  [0m] Listening on udev Control Socket.
[    7.169816] systemd[1]: Set up automount Arbitrary Executable File Formats File System Automount Point.
[[0;32m  OK  [0m] Set up automount Arbitrary Executab...ats File System Automount Point.
[    7.175545] systemd[1]: Listening on LVM2 metadata daemon socket.
[[0;32m  OK  [0m] Listening on LVM2 metadata daemon socket.
[    7.179427] systemd[1]: Listening on Syslog Socket.
[[0;32m  OK  [0m] Listening on Syslog Socket.
[    7.182771] systemd[1]: Reached target Swap.
[[0;32m  OK  [0m] Reached target Swap.
[    7.185722] systemd[1]: Listening on Journal Socket.
[[0;32m  OK  [0m] Listening on Journal Socket.
[    7.188663] systemd[1]: Reached target Encrypted Volumes.
[[0;32m  OK  [0m] Reached target Encrypted Volumes.
[    7.192623] systemd[1]: Created slice System Slice.
[[0;32m  OK  [0m] Created slice System Slice.
[    7.213514] systemd[1]: Mounting Debug File System...
         Mounting Debug File System...
[    7.217545] systemd[1]: Starting Uncomplicated firewall...
         Starting Uncomplicated firewall...
[    7.223732] systemd[1]: Starting Journal Service...
         Starting Journal Service...
[    7.229456] systemd[1]: Created slice system-serial\x2dgetty.slice.
[[0;32m  OK  [0m] Created slice system-serial\x2dgetty.slice.
[    7.261557] systemd[1]: Mounting Huge Pages File System...
         Mounting Huge Pages File System...
[    7.268806] systemd[1]: Starting Load Kernel Modules...
         Starting Load Kernel Modules...
[    7.277602] systemd[1]: Mounting POSIX Message Queue File System...
[    7.279757] Loading iSCSI transport class v2.0-870.
         Mounting POSIX Message Queue File System...
[    7.282803] systemd[1]: Starting Nameserver information manager...
         Starting Nameserver information manager...
[    7.285840] systemd[1]: Reached target Slices.
[[0;32m  OK  [0m] Reached target Slices.
[    7.294396] systemd[1]: Starting Create list of required static device nodes for the current kernel...
         Starting Create list of required st... nodes for the current kernel...
[    7.299987] iscsi: registered transport (tcp)
[    7.306015] systemd[1]: Starting Remount Root and Kernel File Systems...
         Starting Remount Root and Kernel File Systems...
[    7.309147] systemd[1]: Listening on Device-mapper event daemon FIFOs.
[[0;32m  OK  [0m] Listening on Device-mapper event daemon FIFOs.
[    7.313303] systemd[1]: Starting Monitoring of LVM2 mirrors, snapshots etc. using dmeventd or progress polling...
[    7.315956] EXT4-fs (sda1): re-mounted. Opts: (null)
         Starting Monitoring of LVM2 mirrors... dmeventd or progress polling...
[    7.320205] systemd[1]: Starting Set console keymap...
         Starting Set console keymap...
[    7.325103] systemd[1]: Mounted Huge Pages File System.
[[0;32m  OK  [0m] Mounted Huge Pages File System.
[    7.331628] systemd[1]: Mounted Debug File System.
[[0;32m  OK  [0m] Mounted Debug File System.
[    7.334607] systemd[1]: Mounted POSIX Message Queue File System.
[[0;32m  OK  [0m] Mounted POSIX Message Queue File System.
[    7.338199] systemd[1]: Started Journal Service.
[[0;32m  OK  [0m] Started Journal Service.
[[0;32m  OK  [0m] Started Uncomplicated firewall.
[    7.363971] iscsi: registered transport (iser)
[[0;32m  OK  [0m] Started Load Kernel Modules.
[[0;32m  OK  [0m] Started Create list of required sta...ce nodes for the current kernel.
[[0;32m  OK  [0m] Started Remount Root and Kernel File Systems.
[[0;32m  OK  [0m] Started Nameserver information manager.
[[0;32m  OK  [0m] Started LVM2 metadata daemon.
         Starting udev Coldplug all Devices...
         Starting Load/Save Random Seed...
         Starting Create Static Device Nodes in /dev...
         Starting Apply Kernel Variables...
         Mounting FUSE Control File System...
         Starting Flush Journal to Persistent Storage...
[[0;32m  OK  [0m] Mounted FUSE Control File System.
[[0;32m  OK  [0m] Started Set console keymap.
[[0;32m  OK  [0m] Started Load/Save Random Seed.
[    7.491684] random: nonblocking pool is initialized
[[0;32m  OK  [0m] Started Create Static Device Nodes in /dev.
[[0;32m  OK  [0m] Started Apply Kernel Variables.
[[0;32m  OK  [0m] Started udev Coldplug all Devices.
[[0;32m  OK  [0m] Started Flush Journal to Persistent Storage.
         Starting udev Kernel Device Manager...
[[0;32m  OK  [0m] Started udev Kernel Device Manager.
[[0;32m  OK  [0m] Started Dispatch Password Requests to Console Directory Watch.
[[0;32m  OK  [0m] Found device /dev/ttyS0.
[[0;32m  OK  [0m] Started Monitoring of LVM2 mirrors,...ng dmeventd or progress polling.
[[0;32m  OK  [0m] Reached target Local File Systems (Pre).
[[0;32m  OK  [0m] Reached target Local File Systems.
         Starting Initial cloud-init job (pre-networking)...
         Starting Set console font and keymap...
         Starting Tell Plymouth To Write Out Runtime Data...
         Starting Commit a transient machine-id on disk...
         Starting LSB: AppArmor initialization...
         Starting Create Volatile Files and Directories...
[[0;32m  OK  [0m] Started Tell Plymouth To Write Out Runtime Data.
[[0;32m  OK  [0m] Started Create Volatile Files and Directories.
[[0;32m  OK  [0m] Started Commit a transient machine-id on disk.
         Starting Update UTMP about System Boot/Shutdown...
[[0;32m  OK  [0m] Started Update UTMP about System Boot/Shutdown.
[[0;32m  OK  [0m] Listening on Load/Save RF Kill Switch Status /dev/rfkill Watch.
[    9.490161] cloud-init[505]: Cloud-init v. 19.1-1-gbaa47854-0ubuntu1~16.04.1 running 'init-local' at Tue, 30 Jul 2019 14:08:33 +0000. Up 8.80 seconds.
[[0;32m  OK  [0m] Started Initial cloud-init job (pre-networking).
[[0;32m  OK  [0m] Reached target Network (Pre).
[[0;32m  OK  [0m] Started Set console font and keymap.
[[0;32m  OK  [0m] Created slice system-getty.slice.
[[0;32m  OK  [0m] Started LSB: AppArmor initialization.
         Starting Raise network interfaces...
[[0;32m  OK  [0m] Started Raise network interfaces.
[[0;32m  OK  [0m] Reached target Network.
         Starting Initial cloud-init job (metadata service crawler)...
[   11.909927] cloud-init[968]: Cloud-init v. 19.1-1-gbaa47854-0ubuntu1~16.04.1 running 'init' at Tue, 30 Jul 2019 14:08:35 +0000. Up 11.01 seconds.
[   11.912871] cloud-init[968]: ci-info: ++++++++++++++++++++++++++++++++++++++Net device info+++++++++++++++++++++++++++++++++++++++
[   11.915829] cloud-init[968]: ci-info: +--------+-------+----------------------------+---------------+--------+-------------------+
[   11.918775] cloud-init[968]: ci-info: | Device |   Up  |          Address           |      Mask     | Scope  |     Hw-Address    |
[   11.921500] cloud-init[968]: ci-info: +--------+-------+----------------------------+---------------+--------+-------------------+
[   11.924822] cloud-init[968]: ci-info: | enp0s3 |  True |         10.0.2.15          | 255.255.255.0 | global | 02:c2:66:bb:16:6d |
[   11.928371] cloud-init[968]: ci-info: | enp0s3 |  True | fe80::c2:66ff:febb:166d/64 |       .       |  link  | 02:c2:66:bb:16:6d |
[   11.931542] cloud-init[968]: ci-info: | enp0s8 | False |             .              |       .       |   .    | 08:00:27:e6:cb:93 |
[   11.935302] cloud-init[968]: ci-info: |   lo   |  True |         127.0.0.1          |   255.0.0.0   |  host  |         .         |
[   11.938451] cloud-init[968]: ci-info: |   lo   |  True |          ::1/128           |       .       |  host  |         .         |
[   11.941683] cloud-init[968]: ci-info: +--------+-------+----------------------------+---------------+--------+-------------------+
[   11.944540] cloud-init[968]: ci-info: +++++++++++++++++++++++++++Route IPv4 info++++++++++++++++++++++++++++
[   11.953076] cloud-init[968]: ci-info: +-------+-------------+----------+---------------+-----------+-------+
[   11.960964] cloud-init[968]: ci-info: | Route | Destination | Gateway  |    Genmask    | Interface | Flags |
[   11.963421] cloud-init[968]: ci-info: +-------+-------------+----------+---------------+-----------+-------+
[   11.966485] cloud-init[968]: ci-info: |   0   |   0.0.0.0   | 10.0.2.2 |    0.0.0.0    |   enp0s3  |   UG  |
[   11.968734] cloud-init[968]: ci-info: |   1   |   10.0.2.0  | 0.0.0.0  | 255.255.255.0 |   enp0s3  |   U   |
[   11.976563] cloud-init[968]: ci-info: +-------+-------------+----------+---------------+-----------+-------+
[   11.985236] cloud-init[968]: ci-info: +++++++++++++++++++Route IPv6 info+++++++++++++++++++
[   11.987554] cloud-init[968]: ci-info: +-------+-------------+---------+-----------+-------+
[   11.990390] cloud-init[968]: ci-info: | Route | Destination | Gateway | Interface | Flags |
[   11.993890] cloud-init[968]: ci-info: +-------+-------------+---------+-----------+-------+
[   11.995719] cloud-init[968]: ci-info: |   0   |  fe80::/64  |    ::   |   enp0s3  |   U   |
[   11.997664] cloud-init[968]: ci-info: |   3   |   ff00::/8  |    ::   |   enp0s3  |   U   |
[   11.999795] cloud-init[968]: ci-info: +-------+-------------+---------+-----------+-------+
[   12.001777] cloud-init[968]: Generating public/private rsa key pair.
[   12.003506] cloud-init[968]: Your identification has been saved in /etc/ssh/ssh_host_rsa_key.
[   12.005530] cloud-init[968]: Your public key has been saved in /etc/ssh/ssh_host_rsa_key.pub.
[   12.007507] cloud-init[968]: The key fingerprint is:
[   12.008973] cloud-init[968]: SHA256:R/KOuxWuM9yTpaXufpxyNOH0bzZfSj7yp1XOfe7j1TA root@ubuntu-xenial
[   12.011036] cloud-init[968]: The key's randomart image is:
[   12.012486] cloud-init[968]: +---[RSA 2048]----+
[   12.013844] cloud-init[968]: |                 |
[   12.015619] cloud-init[968]: |                 |
[   12.025437] cloud-init[968]: |        . .      |
[   12.027267] cloud-init[968]: |         +  o    |
[   12.029055] cloud-init[968]: |        S +o oE .|
[   12.030843] cloud-init[968]: |         = .* .=+|
[   12.032531] cloud-init[968]: |       ...+O o..X|
[   12.034171] cloud-init[968]: |        ++B *o.*O|
[   12.035834] cloud-init[968]: |        +B+= o*OB|
[   12.037573] cloud-init[968]: +----[SHA256]-----+
[   12.039259] cloud-init[968]: Generating public/private dsa key pair.
[   12.041252] cloud-init[968]: Your identification has been saved in /etc/ssh/ssh_host_dsa_key.
[   12.043718] cloud-init[968]: Your public key has been saved in /etc/ssh/ssh_host_dsa_key.pub.
[   12.046333] cloud-init[968]: The key fingerprint is:
[   12.047622] cloud-init[968]: SHA256:mv9yD59k12ku2i4hQ21X2MMMnrfSete3pHZqqQ9MwrE root@ubuntu-xenial
[   12.049795] cloud-init[968]: The key's randomart image is:
[   12.051417] cloud-init[968]: +---[DSA 1024]----+
[   12.052741] cloud-init[968]: |             .*  |
[   12.053924] cloud-init[968]: |            ...* |
[   12.060449] cloud-init[968]: |         ..  o...|
[   12.060650] cloud-init[968]: |        ..oo .o .|
[   12.061096] cloud-init[968]: |        SE.... o |
[   12.066754] cloud-init[968]: |       o o+.  o.o|
[   12.082237] cloud-init[968]: |      o   +o+.o==|
[   12.082967] cloud-init[968]: |       .. .*oB*.+|
[   12.083665] cloud-init[968]: |        .+.+%*+o |
[   12.085237] cloud-init[968]: +----[SHA256]-----+
[   12.086135] cloud-init[968]: Generating public/private ecdsa key pair.
[   12.086742] cloud-init[968]: Your identification has been saved in /etc/ssh/ssh_host_ecdsa_key.
[   12.087704] cloud-init[968]: Your public key has been saved in /etc/ssh/ssh_host_ecdsa_key.pub.
[   12.090476] cloud-init[968]: The key fingerprint is:
[   12.091335] cloud-init[968]: SHA256:XzywhiaIn8g+kdSIUE6H3U/iK17JGPZ2ns3Iu5a5ehQ root@ubuntu-xenial
[   12.092350] cloud-init[968]: The key's randomart image is:
[   12.093128] cloud-init[968]: +---[ECDSA 256]---+
[   12.093726] cloud-init[968]: | .oo..           |
[   12.094364] cloud-init[968]: |.o... o .        |
[   12.094909] cloud-init[968]: |...o . +  .      |
[   12.095617] cloud-init[968]: |. o.+.. E. +     |
[   12.095977] cloud-init[968]: | ..o.=.oS.o +    |
[   12.097785] cloud-init[968]: | .ooo.Booo . .   |
[   12.098751] cloud-init[968]: |  ooo+ = B.      |
[   12.098906] cloud-init[968]: | .. .   X o      |
[   12.100132] cloud-init[968]: |  ..  .+++       |
[   12.100345] cloud-init[968]: +----[SHA256]-----+
[   12.101129] cloud-init[968]: Generating public/private ed25519 key pair.
[   12.102022] cloud-init[968]: Your identification has been saved in /etc/ssh/ssh_host_ed25519_key.
[   12.103008] cloud-init[968]: Your public key has been saved in /etc/ssh/ssh_host_ed25519_key.pub.
[   12.103641] cloud-init[968]: The key fingerprint is:
[   12.104245] cloud-init[968]: SHA256:+U/jOnn2q6VWsCW1BmFlhCdn0nhjQHYnUK3d+9WcAYU root@ubuntu-xenial
[   12.104844] cloud-init[968]: The key's randomart image is:
[[0;32m  OK  [0m] Started Initial cloud-init job (metadata service crawler).
[   12.105094] cloud-init[968]: +--[ED25519 256]--+
[   12.120808] cloud-init[968]: |           .B@Xo.|
[   12.121048] cloud-init[968]: |           o*EXo.|
[   12.121481] cloud-init[968]: |             @.=.|
[   12.122031] cloud-init[968]: |         .  o =.o|
[   12.122431] cloud-init[968]: |        S    * .=|
[   12.123234] cloud-init[968]: |         .  . .o+|
[   12.123793] cloud-init[968]: |          ..o.. o|
[   12.124757] cloud-init[968]: |          o+++  .|
[   12.125133] cloud-init[968]: |          .*=oo. |
[   12.125991] cloud-init[968]: +----[SHA256]-----+
[[0;32m  OK  [0m] Reached target System Initialization.
[[0;32m  OK  [0m] Started Daily apt download activities.
[[0;32m  OK  [0m] Started Daily Cleanup of Temporary Directories.
         Starting LXD - unix socket.
[[0;32m  OK  [0m] Started Daily apt upgrade and clean activities.
[[0;32m  OK  [0m] Reached target Timers.
[[0;32m  OK  [0m] Listening on ACPID Listen Socket.
[[0;32m  OK  [0m] Listening on D-Bus System Message Bus Socket.
[[0;32m  OK  [0m] Listening on UUID daemon activation socket.
[[0;32m  OK  [0m] Started ACPI Events Check.
[[0;32m  OK  [0m] Reached target Paths.
         Starting Socket activation for snappy daemon.
[[0;32m  OK  [0m] Reached target Network is Online.
         Starting iSCSI initiator daemon (iscsid)...
[[0;32m  OK  [0m] Reached target Cloud-config availability.
[[0;32m  OK  [0m] Listening on LXD - unix socket.
[[0;32m  OK  [0m] Listening on Socket activation for snappy daemon.
[[0;32m  OK  [0m] Started iSCSI initiator daemon (iscsid).
         Starting Login to default iSCSI targets...
[[0;32m  OK  [0m] Reached target Sockets.
[[0;32m  OK  [0m] Reached target Basic System.
         Starting Virtualbox guest utils...
         Starting Pollinate to seed the pseudo random number generator...
         Starting Login Service...
         Starting Accounts Service...
[[0;32m  OK  [0m] Started FUSE filesystem for LXC.
         Starting LSB: MD monitoring daemon...
         Starting /etc/rc.local Compatibility...
[[0;32m  OK  [0m] Started D-Bus System Message Bus.
[[0;32m  OK  [0m] Started Deferred execution scheduler.
[[0;32m  OK  [0m] Started Regular background program processing daemon.
[[0;32m  OK  [0m] Started ACPI event daemon.
         Starting Snappy daemon...
         Starting LSB: Record successful boot for GRUB...
         Starting System Logging Service...
         Starting LXD - container startup/shutdown...
[[0;32m  OK  [0m] Started /etc/rc.local Compatibility.
[[0;32m  OK  [0m] Started System Logging Service.
[[0;32m  OK  [0m] Started Login to default iSCSI targets.
[[0;32m  OK  [0m] Started LSB: MD monitoring daemon.
[[0;32m  OK  [0m] Started LSB: Record successful boot for GRUB.
[[0;32m  OK  [0m] Started Login Service.
[[0;32m  OK  [0m] Started Unattended Upgrades Shutdown.
         Starting Authenticate and Authorize Users to Run Privileged Tasks...
[[0;32m  OK  [0m] Reached target Remote File Systems (Pre).
[[0;32m  OK  [0m] Reached target Remote File Systems.
         Starting Permit User Sessions...
         Starting LSB: daemon to balance interrupts for SMP systems...
         Starting LSB: Set the CPU Frequency Scaling governor to "ondemand"...
         Starting LSB: automatic crash report generation...
[[0;32m  OK  [0m] Started Permit User Sessions.
[[0;32m  OK  [0m] Started Virtualbox guest utils.
         Starting Hold until boot process finishes up...
         Starting Terminate Plymouth Boot Screen...
[[0;32m  OK  [0m] Started LSB: Set the CPU Frequency Scaling governor to "ondemand".
[[0;32m  OK  [0m] Started Authenticate and Authorize Users to Run Privileged Tasks.
[[0;32m  OK  [0m] Started Accounts Service.
[[0;32m  OK  [0m] Started Hold until boot process finishes up.
[[0;32m  OK  [0m] Started Terminate Plymouth Boot Screen.
[[0;32m  OK  [0m] Started LSB: daemon to balance interrupts for SMP systems.
[[0;32m  OK  [0m] Started Getty on tty1.
         Starting Set console scheme...
[[0;32m  OK  [0m] Started Serial Getty on ttyS0.
[[0;32m  OK  [0m] Reached target Login Prompts.
[[0;32m  OK  [0m] Started LXD - container startup/shutdown.
[[0;32m  OK  [0m] Started LSB: automatic crash report generation.
[[0;32m  OK  [0m] Started Set console scheme.
[[0;32m  OK  [0m] Started Pollinate to seed the pseudo random number generator.
         Starting OpenBSD Secure Shell server...
[[0;32m  OK  [0m] Started OpenBSD Secure Shell server.
[[0;32m  OK  [0m] Started Snappy daemon.
         Starting Wait until snapd is fully seeded...
[[0;32m  OK  [0m] Created slice User Slice of vagrant.
         Starting User Manager for UID 1000...
[[0;32m  OK  [0m] Started Session 1 of user vagrant.
[[0;32m  OK  [0m] Started User Manager for UID 1000.
[[0;32m  OK  [0m] Started Wait until snapd is fully seeded.
         Starting Apply the settings specified in cloud-config...
[[0;32m  OK  [0m] Reached target Multi-User System.
[[0;32m  OK  [0m] Reached target Graphical Interface.
         Starting Update UTMP about System Runlevel Changes...
[[0;32m  OK  [0m] Started Update UTMP about System Runlevel Changes.
[   15.082191] cloud-init[1408]: Generating locales (this might take a while)...
[   16.389846] cloud-init[1408]:   en_US.UTF-8... done
[   16.391621] cloud-init[1408]: Generation complete.
[   16.831406] cloud-init[1408]: Cloud-init v. 19.1-1-gbaa47854-0ubuntu1~16.04.1 running 'modules:config' at Tue, 30 Jul 2019 14:08:39 +0000. Up 14.90 seconds.
         Stopping User Manager for UID 1000...
[[0;32m  OK  [0m] Started Apply the settings specified in cloud-config.
         Starting Execute cloud user/final scripts...
[[0;32m  OK  [0m] Stopped User Manager for UID 1000.
[[0;32m  OK  [0m] Removed slice User Slice of vagrant.
[[0;32m  OK  [0m] Created slice User Slice of vagrant.
         Starting User Manager for UID 1000...
[[0;32m  OK  [0m] Started Session 2 of user vagrant.
[[0;32m  OK  [0m] Started User Manager for UID 1000.
ci-info: no authorized ssh keys fingerprints found for user ubuntu.
<14>Jul 30 14:08:42 ec2: 
<14>Jul 30 14:08:42 ec2: #############################################################
<14>Jul 30 14:08:42 ec2: -----BEGIN SSH HOST KEY FINGERPRINTS-----
<14>Jul 30 14:08:42 ec2: 1024 SHA256:mv9yD59k12ku2i4hQ21X2MMMnrfSete3pHZqqQ9MwrE root@ubuntu-xenial (DSA)
<14>Jul 30 14:08:42 ec2: 256 SHA256:XzywhiaIn8g+kdSIUE6H3U/iK17JGPZ2ns3Iu5a5ehQ root@ubuntu-xenial (ECDSA)
<14>Jul 30 14:08:42 ec2: 256 SHA256:+U/jOnn2q6VWsCW1BmFlhCdn0nhjQHYnUK3d+9WcAYU root@ubuntu-xenial (ED25519)
<14>Jul 30 14:08:42 ec2: 2048 SHA256:R/KOuxWuM9yTpaXufpxyNOH0bzZfSj7yp1XOfe7j1TA root@ubuntu-xenial (RSA)
<14>Jul 30 14:08:42 ec2: -----END SSH HOST KEY FINGERPRINTS-----
<14>Jul 30 14:08:42 ec2: #############################################################
-----BEGIN SSH HOST KEY KEYS-----
ecdsa-sha2-nistp256 AAAAE2VjZHNhLXNoYTItbmlzdHAyNTYAAAAIbmlzdHAyNTYAAABBBEGtF+O2tr+d72P1n5elzs8RI9O0yXbdL9ne0mx+nzrBNlWw/SqZ7uajh8+wvWY9GlHJOGQ8HXVZcXKE2H1SFf0= root@ubuntu-xenial
ssh-ed25519 AAAAC3NzaC1lZDI1NTE5AAAAIAmQgcc154ndQPJGkuacn9jUo+G2lGnYGPVuwMtVpicl root@ubuntu-xenial
ssh-rsa AAAAB3NzaC1yc2EAAAADAQABAAABAQDV3Kcse5u19SDmkCgHbkAg0kiOUJLRQTg0jSJ+ujj7Ic3Vw9/nKQzVKVfA4BEPpvXpGBBzrVmMCTSXTA1wHfb4BGSuXz6EhU/ldqiRHskj+VgHxNI2eMDq7DPNk9WHX0eHmbjPoRPNd+5iWrSwSf23ncbDavQIsXpXGkuWFSmfCiLgm35IgioOdlsvVbwlJKs4EKu/VkPgkJ8lRfRBFASe2z49igfpYI1jAmFTZAiJczspkOx79C9SjXSERJUKsR0w/mpTnBQndNXazw3aT5FekVh0V3mXIH2wy/4acE+VuOX83UiuzCGDwL1vh2j4y3PdQrMWyPJWHjgv+G8YwhIH root@ubuntu-xenial
-----END SSH HOST KEY KEYS-----
[   17.723869] cloud-init[1597]: Cloud-init v. 19.1-1-gbaa47854-0ubuntu1~16.04.1 running 'modules:final' at Tue, 30 Jul 2019 14:08:42 +0000. Up 17.49 seconds.
[   17.727376] cloud-init[1597]: ci-info: no authorized ssh keys fingerprints found for user ubuntu.
[   17.729250] cloud-init[1597]: Cloud-init v. 19.1-1-gbaa47854-0ubuntu1~16.04.1 finished at Tue, 30 Jul 2019 14:08:42 +0000. Datasource DataSourceNoCloud [seed=/dev/sdb][dsmode=net].  Up 17.71 seconds
[[0;32m  OK  [0m] Started Execute cloud user/final scripts.
[[0;32m  OK  [0m] Reached target Cloud-init target.

Ubuntu 16.04.6 LTS ubuntu-xenial ttyS0

ubuntu-xenial login: 